[ERROR] [19:23:29] com.baidu.gameqa.Gat.uia.webautomation.WebBrowser - MESSSAGE: No alert is active (WARNING: The server did not provide any stacktrace information)
Command duration or timeout: 105 milliseconds
Build info: version: '2.40.0', revision: 'fbe29a9', time: '2014-02-19 20:55:11'
System info: host: '8C12ADCBD38A74E', ip: '172.22.228.212', os.name: 'Windows Vista', os.arch: 'x86', os.version: '6.1', java.version: '1.6.0_10-rc2'
Session ID: 947b3483-3b77-4863-8986-bbe253446f5c
Driver info: org.openqa.selenium.ie.InternetExplorerDriver
Capabilities [{platform=WINDOWS, javascriptEnabled=true, elementScrollBehavior=0, enablePersistentHover=true, ignoreZoomSetting=false, ie.ensureCleanSession=false, browserName=internet explorer, enableElementCacheCleanup=true, unexpectedAlertBehaviour=dismiss, version=8, ie.usePerProcessProxy=false, cssSelectorsEnabled=true, ignoreProtectedModeSettings=false, requireWindowFocus=false, handlesAlerts=true, initialBrowserUrl=http://localhost:4437/, ie.forceCreateProcessApi=false, nativeEvents=true, browserAttachTimeout=0, ie.browserCommandLineSwitches=, takesScreenshot=true}]STACKTRACE: sun.reflect.NativeConstructorAccessorImpl.newInstance0(Native Method)sun.reflect.NativeConstructorAccessorImpl.newInstance(Unknown Source)sun.reflect.DelegatingConstructorAccessorImpl.newInstance(Unknown Source)java.lang.reflect.Constructor.newInstance(Unknown Source)org.openqa.selenium.remote.ErrorHandler.createThrowable(ErrorHandler.java:193)org.openqa.selenium.remote.ErrorHandler.throwIfResponseFailed(ErrorHandler.java:145)org.openqa.selenium.remote.RemoteWebDriver.execute(RemoteWebDriver.java:573)org.openqa.selenium.remote.RemoteWebDriver.execute(RemoteWebDriver.java:588)org.openqa.selenium.remote.RemoteWebDriver$RemoteTargetLocator.alert(RemoteWebDriver.java:868)com.baidu.gameqa.Gat.uia.webautomation.WebBrowser.isAlertExists(Unknown Source)com.baidu.gameqa.Gat.uia.webautomation.WebBrowser.quit(Unknown Source)com.baidu.gameqa.Gat.executor.WebUIStepsExecutor.tearDown(Unknown Source)com.baidu.gameqa.Gat.executor.CaseExecutor.execute(Unknown Source)com.baidu.gameqa.generation.DoubiPayTestCase.nihao(DoubiPayTestCase.java:29)sun.reflect.NativeMethodAccessorImpl.invoke0(Native Method)sun.reflect.NativeMethodAccessorImpl.invoke(Unknown Source)sun.reflect.DelegatingMethodAccessorImpl.invoke(Unknown Source)java.lang.reflect.Method.invoke(Unknown Source)org.testng.internal.MethodInvocationHelper.invokeMethod(MethodInvocationHelper.java:84)org.testng.internal.Invoker.invokeMethod(Invoker.java:714)org.testng.internal.Invoker.invokeTestMethod(Invoker.java:901)org.testng.internal.Invoker.invokeTestMethods(Invoker.java:1231)org.testng.internal.TestMethodWorker.invokeTestMethods(TestMethodWorker.java:127)org.testng.internal.TestMethodWorker.run(TestMethodWorker.java:111)org.testng.TestRunner.privateRun(TestRunner.java:767)org.testng.TestRunner.run(TestRunner.java:617)org.testng.SuiteRunner.runTest(SuiteRunner.java:334)org.testng.SuiteRunner.runSequentially(SuiteRunner.java:329)org.testng.SuiteRunner.privateRun(SuiteRunner.java:291)org.testng.SuiteRunner.run(SuiteRunner.java:240)org.testng.SuiteRunnerWorker.runSuite(SuiteRunnerWorker.java:52)org.testng.SuiteRunnerWorker.run(SuiteRunnerWorker.java:86)org.testng.TestNG.runSuitesSequentially(TestNG.java:1224)org.testng.TestNG.runSuitesLocally(TestNG.java:1149)org.testng.TestNG.run(TestNG.java:1057)org.testng.remote.RemoteTestNG.run(RemoteTestNG.java:111)org.testng.remote.RemoteTestNG.initAndRun(RemoteTestNG.java:204)org.testng.remote.RemoteTestNG.main(RemoteTestNG.java:175)
  [ERROR] [19:23:29] com.baidu.gameqa.Gat.uia.webautomation.WebBrowser - MESSSAGE: No alert is active (WARNING: The server did not provide any stacktrace information)
Command duration or timeout: 104 milliseconds
Build info: version: '2.40.0', revision: 'fbe29a9', time: '2014-02-19 20:55:11'
System info: host: '8C12ADCBD38A74E', ip: '172.22.228.212', os.name: 'Windows Vista', os.arch: 'x86', os.version: '6.1', java.version: '1.6.0_10-rc2'
Session ID: 947b3483-3b77-4863-8986-bbe253446f5c
Driver info: org.openqa.selenium.ie.InternetExplorerDriver
Capabilities [{platform=WINDOWS, javascriptEnabled=true, elementScrollBehavior=0, enablePersistentHover=true, ignoreZoomSetting=false, ie.ensureCleanSession=false, browserName=internet explorer, enableElementCacheCleanup=true, unexpectedAlertBehaviour=dismiss, version=8, ie.usePerProcessProxy=false, cssSelectorsEnabled=true, ignoreProtectedModeSettings=false, requireWindowFocus=false, handlesAlerts=true, initialBrowserUrl=http://localhost:4437/, ie.forceCreateProcessApi=false, nativeEvents=true, browserAttachTimeout=0, ie.browserCommandLineSwitches=, takesScreenshot=true}]STACKTRACE: sun.reflect.NativeConstructorAccessorImpl.newInstance0(Native Method)sun.reflect.NativeConstructorAccessorImpl.newInstance(Unknown Source)sun.reflect.DelegatingConstructorAccessorImpl.newInstance(Unknown Source)java.lang.reflect.Constructor.newInstance(Unknown Source)org.openqa.selenium.remote.ErrorHandler.createThrowable(ErrorHandler.java:193)org.openqa.selenium.remote.ErrorHandler.throwIfResponseFailed(ErrorHandler.java:145)org.openqa.selenium.remote.RemoteWebDriver.execute(RemoteWebDriver.java:573)org.openqa.selenium.remote.RemoteWebDriver.execute(RemoteWebDriver.java:588)org.openqa.selenium.remote.RemoteWebDriver$RemoteTargetLocator.alert(RemoteWebDriver.java:868)com.baidu.gameqa.Gat.uia.webautomation.WebBrowser.isAlertExists(Unknown Source)com.baidu.gameqa.Gat.uia.webautomation.WebBrowser.closeAlertBox(Unknown Source)com.baidu.gameqa.Gat.uia.webautomation.WebBrowser.quit(Unknown Source)com.baidu.gameqa.Gat.executor.WebUIStepsExecutor.tearDown(Unknown Source)com.baidu.gameqa.Gat.executor.CaseExecutor.execute(Unknown Source)com.baidu.gameqa.generation.DoubiPayTestCase.nihao(DoubiPayTestCase.java:29)sun.reflect.NativeMethodAccessorImpl.invoke0(Native Method)sun.reflect.NativeMethodAccessorImpl.invoke(Unknown Source)sun.reflect.DelegatingMethodAccessorImpl.invoke(Unknown Source)java.lang.reflect.Method.invoke(Unknown Source)org.testng.internal.MethodInvocationHelper.invokeMethod(MethodInvocationHelper.java:84)org.testng.internal.Invoker.invokeMethod(Invoker.java:714)org.testng.internal.Invoker.invokeTestMethod(Invoker.java:901)org.testng.internal.Invoker.invokeTestMethods(Invoker.java:1231)org.testng.internal.TestMethodWorker.invokeTestMethods(TestMethodWorker.java:127)org.testng.internal.TestMethodWorker.run(TestMethodWorker.java:111)org.testng.TestRunner.privateRun(TestRunner.java:767)org.testng.TestRunner.run(TestRunner.java:617)org.testng.SuiteRunner.runTest(SuiteRunner.java:334)org.testng.SuiteRunner.runSequentially(SuiteRunner.java:329)org.testng.SuiteRunner.privateRun(SuiteRunner.java:291)org.testng.SuiteRunner.run(SuiteRunner.java:240)org.testng.SuiteRunnerWorker.runSuite(SuiteRunnerWorker.java:52)org.testng.SuiteRunnerWorker.run(SuiteRunnerWorker.java:86)org.testng.TestNG.runSuitesSequentially(TestNG.java:1224)org.testng.TestNG.runSuitesLocally(TestNG.java:1149)org.testng.TestNG.run(TestNG.java:1057)org.testng.remote.RemoteTestNG.run(RemoteTestNG.java:111)org.testng.remote.RemoteTestNG.initAndRun(RemoteTestNG.java:204)org.testng.remote.RemoteTestNG.main(RemoteTestNG.java:175)
  